<?xml version="1.0" encoding="UTF-8"?>
<testsuite name="yus.now.AppTest" tests="1" skipped="0" failures="0" errors="0" timestamp="2025-06-03T06:19:14.194Z" hostname="LAPTOP-H4DL23CE" time="0.003">
  <properties/>
  <testcase name="testApp" classname="yus.now.AppTest" time="0.003"/>
  <system-out><![CDATA[]]></system-out>
  <system-err><![CDATA[]]></system-err>
</testsuite>
